mode: atomic
permen_api/dto/filter_request_dto.go:1.1,6.1 1 1
permen_api/dto/filter_request_dto.go:7.1,9.1 1 1
permen_api/dto/log_dto.go:1.1,6.1 1 1
permen_api/dto/log_dto.go:7.1,12.1 1 1
permen_api/dto/log_dto.go:13.1,16.1 1 1
permen_api/dto/brigate.go:1.1,6.1 1 1
permen_api/dto/brigate.go:7.1,12.1 1 1
permen_api/dto/brigate.go:13.1,18.1 1 1
permen_api/dto/brigate.go:19.1,24.1 1 0
permen_api/dto/brigate.go:25.1,30.1 1 1
permen_api/dto/brigate.go:31.1,36.1 1 1
permen_api/dto/brigate.go:37.1,42.1 1 1
permen_api/dto/brigate.go:43.1,48.1 1 1
permen_api/dto/brigate.go:49.1,54.1 1 1
permen_api/dto/brigate.go:55.1,60.1 1 1
permen_api/dto/brigate.go:61.1,66.1 1 1
permen_api/dto/brigate.go:67.1,72.1 1 1
permen_api/dto/brigate.go:73.1,78.1 1 1
permen_api/dto/brigate.go:79.1,84.1 1 0
permen_api/dto/brigate.go:85.1,90.1 1 1
permen_api/dto/brigate.go:91.1,96.1 1 1
permen_api/dto/brigate.go:97.1,102.1 1 1
permen_api/dto/brigate.go:103.1,108.1 1 1
permen_api/dto/brigate.go:109.1,114.1 1 1
permen_api/dto/brigate.go:115.1,120.1 1 1
permen_api/dto/brigate.go:121.1,122.1 1 1
permen_api/dto/esb.go:1.1,6.1 1 1
permen_api/dto/esb.go:7.1,12.1 1 1
permen_api/dto/esb.go:13.1,18.1 1 0
permen_api/dto/esb.go:19.1,24.1 1 1
permen_api/dto/esb.go:25.1,30.1 1 1
permen_api/dto/esb.go:31.1,36.1 1 1
permen_api/dto/esb.go:37.1,42.1 1 1
permen_api/dto/esb.go:43.1,48.1 1 1
permen_api/dto/esb.go:49.1,54.1 1 1
permen_api/dto/esb.go:55.1,60.1 1 1
permen_api/dto/esb.go:61.1,66.1 1 1
permen_api/dto/esb.go:67.1,72.1 1 1
permen_api/dto/esb.go:73.1,78.1 1 0
permen_api/dto/esb.go:79.1,84.1 1 1
permen_api/dto/esb.go:85.1,86.1 1 1
permen_api/dto/error_dto.go:1.1,6.1 1 1
permen_api/dto/error_dto.go:7.1,12.1 1 1
permen_api/dto/response_dto.go:1.1,6.1 1 1
permen_api/dto/response_dto.go:7.1,12.1 1 1
permen_api/dto/response_dto.go:13.1,18.1 1 1
permen_api/dto/response_dto.go:19.1,24.1 1 1
permen_api/dto/response_dto.go:25.1,30.1 1 1
permen_api/dto/response_dto.go:31.1,36.1 1 0
permen_api/dto/response_dto.go:37.1,42.1 1 1
permen_api/dto/response_dto.go:43.1,48.1 1 1
permen_api/dto/response_dto.go:49.1,51.1 1 1
permen_api/middleware/log_request_middleware.go:1.1,6.1 1 1
permen_api/middleware/log_request_middleware.go:7.1,12.1 1 1
permen_api/middleware/log_request_middleware.go:13.1,18.1 1 1
permen_api/middleware/log_request_middleware.go:19.1,24.1 1 1
permen_api/middleware/log_request_middleware.go:25.1,30.1 1 1
permen_api/middleware/log_request_middleware.go:31.1,36.1 1 1
permen_api/middleware/log_request_middleware.go:37.1,42.1 1 0
permen_api/middleware/log_request_middleware.go:43.1,48.1 1 1
permen_api/middleware/log_request_middleware.go:49.1,54.1 1 1
permen_api/middleware/log_request_middleware.go:55.1,60.1 1 1
permen_api/middleware/log_request_middleware.go:61.1,66.1 1 1
permen_api/middleware/log_request_middleware.go:67.1,72.1 1 1
permen_api/middleware/log_request_middleware.go:73.1,78.1 1 1
permen_api/middleware/log_request_middleware.go:79.1,84.1 1 1
permen_api/middleware/log_request_middleware.go:85.1,90.1 1 1
permen_api/middleware/log_request_middleware.go:91.1,96.1 1 1
permen_api/middleware/log_request_middleware.go:97.1,102.1 1 0
permen_api/middleware/log_request_middleware.go:103.1,108.1 1 1
permen_api/middleware/log_request_middleware.go:109.1,114.1 1 1
permen_api/middleware/log_request_middleware.go:115.1,120.1 1 1
permen_api/middleware/log_request_middleware.go:121.1,126.1 1 1
permen_api/middleware/log_request_middleware.go:127.1,132.1 1 1
permen_api/middleware/log_request_middleware.go:133.1,138.1 1 1
permen_api/middleware/log_request_middleware.go:139.1,143.1 1 1
permen_api/middleware/cors_middleware.go:1.1,6.1 1 1
permen_api/middleware/cors_middleware.go:7.1,12.1 1 1
permen_api/middleware/cors_middleware.go:13.1,18.1 1 0
permen_api/middleware/cors_middleware.go:19.1,24.1 1 1
permen_api/middleware/cors_middleware.go:25.1,30.1 1 1
permen_api/middleware/cors_middleware.go:31.1,36.1 1 1
permen_api/middleware/cors_middleware.go:37.1,42.1 1 1
permen_api/middleware/cors_middleware.go:43.1,48.1 1 1
permen_api/middleware/auth/basic_auth_middleware.go:1.1,6.1 1 1
permen_api/middleware/auth/basic_auth_middleware.go:7.1,12.1 1 1
permen_api/middleware/auth/basic_auth_middleware.go:13.1,18.1 1 1
permen_api/middleware/auth/basic_auth_middleware.go:19.1,24.1 1 1
permen_api/middleware/auth/basic_auth_middleware.go:25.1,30.1 1 0
permen_api/middleware/auth/basic_auth_middleware.go:31.1,36.1 1 1
permen_api/middleware/auth/basic_auth_middleware.go:37.1,42.1 1 1
permen_api/middleware/auth/basic_auth_middleware.go:43.1,48.1 1 1
permen_api/middleware/auth/basic_auth_middleware.go:49.1,54.1 1 1
permen_api/middleware/auth/basic_auth_middleware.go:55.1,60.1 1 1
permen_api/middleware/auth/basic_auth_middleware.go:61.1,66.1 1 1
permen_api/middleware/auth/basic_auth_middleware.go:67.1,72.1 1 1
permen_api/middleware/auth/basic_auth_middleware.go:73.1,78.1 1 1
permen_api/middleware/auth/basic_auth_middleware.go:79.1,84.1 1 1
permen_api/middleware/auth/basic_auth_middleware.go:85.1,90.1 1 0
permen_api/middleware/auth/basic_auth_middleware.go:91.1,96.1 1 1
permen_api/middleware/auth/basic_auth_middleware.go:97.1,102.1 1 1
permen_api/middleware/auth/basic_auth_middleware.go:103.1,108.1 1 1
permen_api/middleware/auth/basic_auth_middleware.go:109.1,114.1 1 1
permen_api/middleware/auth/basic_auth_middleware.go:115.1,120.1 1 1
permen_api/middleware/auth/basic_auth_middleware.go:121.1,126.1 1 1
permen_api/middleware/auth/basic_auth_middleware.go:127.1,132.1 1 1
permen_api/middleware/auth/basic_auth_middleware.go:133.1,138.1 1 1
permen_api/middleware/auth/basic_auth_middleware.go:139.1,144.1 1 1
permen_api/middleware/auth/basic_auth_middleware.go:145.1,150.1 1 0
permen_api/middleware/auth/basic_auth_middleware.go:151.1,156.1 1 1
permen_api/middleware/auth/basic_auth_middleware.go:157.1,162.1 1 1
permen_api/middleware/auth/basic_auth_middleware.go:163.1,168.1 1 1
permen_api/middleware/auth/basic_auth_middleware.go:169.1,174.1 1 1
permen_api/middleware/auth/basic_auth_middleware.go:175.1,180.1 1 1
permen_api/middleware/auth/basic_auth_middleware.go:181.1,186.1 1 1
permen_api/middleware/auth/basic_auth_middleware.go:187.1,192.1 1 1
permen_api/middleware/auth/basic_auth_middleware.go:193.1,198.1 1 1
permen_api/middleware/auth/basic_auth_middleware.go:199.1,204.1 1 1
permen_api/middleware/auth/basic_auth_middleware.go:205.1,206.1 1 0
permen_api/middleware/auth/bearer_auth_middleware.go:1.1,6.1 1 1
permen_api/middleware/auth/bearer_auth_middleware.go:7.1,12.1 1 1
permen_api/middleware/auth/bearer_auth_middleware.go:13.1,18.1 1 1
permen_api/middleware/auth/bearer_auth_middleware.go:19.1,24.1 1 1
permen_api/middleware/auth/bearer_auth_middleware.go:25.1,30.1 1 1
permen_api/middleware/auth/bearer_auth_middleware.go:31.1,36.1 1 1
permen_api/middleware/auth/bearer_auth_middleware.go:37.1,42.1 1 1
permen_api/middleware/auth/bearer_auth_middleware.go:43.1,48.1 1 1
permen_api/middleware/auth/bearer_auth_middleware.go:49.1,54.1 1 1
permen_api/middleware/auth/bearer_auth_middleware.go:55.1,60.1 1 0
permen_api/middleware/auth/bearer_auth_middleware.go:61.1,66.1 1 1
permen_api/middleware/auth/bearer_auth_middleware.go:67.1,72.1 1 1
permen_api/middleware/auth/bearer_auth_middleware.go:73.1,75.1 1 1
permen_api/middleware/security_headers_middleware.go:1.1,6.1 1 1
permen_api/middleware/security_headers_middleware.go:7.1,12.1 1 1
permen_api/middleware/security_headers_middleware.go:13.1,18.1 1 1
permen_api/middleware/security_headers_middleware.go:19.1,24.1 1 1
permen_api/middleware/security_headers_middleware.go:25.1,30.1 1 1
permen_api/middleware/security_headers_middleware.go:31.1,36.1 1 1
permen_api/middleware/security_headers_middleware.go:37.1,42.1 1 0
permen_api/middleware/security_headers_middleware.go:43.1,48.1 1 1
permen_api/middleware/security_headers_middleware.go:49.1,54.1 1 1
permen_api/middleware/security_headers_middleware.go:55.1,56.1 1 1
permen_api/middleware/errorHandler_middleware.go:1.1,6.1 1 1
permen_api/middleware/errorHandler_middleware.go:7.1,12.1 1 1
permen_api/middleware/errorHandler_middleware.go:13.1,18.1 1 1
permen_api/middleware/errorHandler_middleware.go:19.1,24.1 1 1
permen_api/middleware/errorHandler_middleware.go:25.1,30.1 1 1
permen_api/middleware/errorHandler_middleware.go:31.1,36.1 1 1
permen_api/middleware/errorHandler_middleware.go:37.1,42.1 1 0
permen_api/middleware/errorHandler_middleware.go:43.1,48.1 1 1
permen_api/middleware/errorHandler_middleware.go:49.1,54.1 1 1
permen_api/middleware/errorHandler_middleware.go:55.1,60.1 1 1
permen_api/middleware/errorHandler_middleware.go:61.1,66.1 1 1
permen_api/middleware/errorHandler_middleware.go:67.1,72.1 1 1
permen_api/middleware/errorHandler_middleware.go:73.1,78.1 1 1
permen_api/middleware/errorHandler_middleware.go:79.1,84.1 1 1
permen_api/middleware/errorHandler_middleware.go:85.1,90.1 1 1
permen_api/middleware/errorHandler_middleware.go:91.1,96.1 1 1
permen_api/middleware/errorHandler_middleware.go:97.1,102.1 1 0
permen_api/middleware/errorHandler_middleware.go:103.1,108.1 1 1
permen_api/middleware/errorHandler_middleware.go:109.1,114.1 1 1
permen_api/middleware/errorHandler_middleware.go:115.1,120.1 1 1
permen_api/middleware/errorHandler_middleware.go:121.1,126.1 1 1
permen_api/middleware/errorHandler_middleware.go:127.1,127.1 1 1
permen_api/repository/log_request_repository.go:1.1,6.1 1 1
permen_api/repository/log_request_repository.go:7.1,12.1 1 1
permen_api/repository/log_request_repository.go:13.1,18.1 1 1
permen_api/repository/log_request_repository.go:19.1,24.1 1 1
permen_api/repository/log_request_repository.go:25.1,30.1 1 0
permen_api/repository/log_request_repository.go:31.1,33.1 1 1
permen_api/config/config.go:1.1,6.1 1 1
permen_api/config/config.go:7.1,12.1 1 1
permen_api/config/config.go:13.1,18.1 1 1
permen_api/config/config.go:19.1,24.1 1 1
permen_api/config/config.go:25.1,30.1 1 1
permen_api/config/config.go:31.1,36.1 1 1
permen_api/config/config.go:37.1,42.1 1 1
permen_api/config/config.go:43.1,48.1 1 1
permen_api/config/config.go:49.1,54.1 1 0
permen_api/config/config.go:55.1,60.1 1 1
permen_api/config/config.go:61.1,66.1 1 1
permen_api/config/config.go:67.1,72.1 1 1
permen_api/config/config.go:73.1,78.1 1 1
permen_api/config/config.go:79.1,84.1 1 1
permen_api/config/config.go:85.1,90.1 1 1
permen_api/config/config.go:91.1,96.1 1 1
permen_api/config/config.go:97.1,102.1 1 1
permen_api/config/config.go:103.1,108.1 1 1
permen_api/config/config.go:109.1,114.1 1 0
permen_api/config/config.go:115.1,120.1 1 1
permen_api/config/config.go:121.1,126.1 1 1
permen_api/config/config.go:127.1,132.1 1 1
permen_api/config/config.go:133.1,138.1 1 1
permen_api/config/config.go:139.1,144.1 1 1
permen_api/config/config.go:145.1,150.1 1 1
permen_api/config/config.go:151.1,156.1 1 1
permen_api/config/config.go:157.1,162.1 1 1
permen_api/config/config.go:163.1,168.1 1 1
permen_api/config/config.go:169.1,174.1 1 0
permen_api/config/config.go:175.1,180.1 1 1
permen_api/config/config.go:181.1,186.1 1 1
permen_api/config/config.go:187.1,192.1 1 1
permen_api/config/config.go:193.1,198.1 1 1
permen_api/config/config.go:199.1,204.1 1 1
permen_api/config/config.go:205.1,210.1 1 1
permen_api/config/config.go:211.1,216.1 1 1
permen_api/config/config.go:217.1,222.1 1 1
permen_api/config/config.go:223.1,228.1 1 1
permen_api/config/config.go:229.1,234.1 1 0
permen_api/config/config.go:235.1,240.1 1 1
permen_api/config/config.go:241.1,246.1 1 1
permen_api/config/config.go:247.1,252.1 1 1
permen_api/config/config.go:253.1,258.1 1 1
permen_api/config/config.go:259.1,264.1 1 1
permen_api/config/config.go:265.1,270.1 1 1
permen_api/config/config.go:271.1,276.1 1 1
permen_api/config/config.go:277.1,282.1 1 1
permen_api/config/config.go:283.1,288.1 1 1
permen_api/config/config.go:289.1,291.1 1 0
permen_api/server/bootstrap.go:1.1,6.1 1 1
permen_api/server/bootstrap.go:7.1,12.1 1 1
permen_api/server/bootstrap.go:13.1,18.1 1 1
permen_api/server/bootstrap.go:19.1,24.1 1 1
permen_api/server/bootstrap.go:25.1,30.1 1 1
permen_api/server/bootstrap.go:31.1,36.1 1 1
permen_api/server/bootstrap.go:37.1,42.1 1 1
permen_api/server/bootstrap.go:43.1,48.1 1 1
permen_api/server/bootstrap.go:49.1,54.1 1 1
permen_api/server/bootstrap.go:55.1,60.1 1 0
permen_api/server/bootstrap.go:61.1,66.1 1 1
permen_api/server/bootstrap.go:67.1,72.1 1 1
permen_api/server/bootstrap.go:73.1,78.1 1 1
permen_api/server/bootstrap.go:79.1,84.1 1 1
permen_api/server/bootstrap.go:85.1,90.1 1 1
permen_api/model/log_request_model.go:1.1,6.1 1 1
permen_api/model/log_request_model.go:7.1,12.1 1 1
permen_api/model/log_request_model.go:13.1,14.1 1 1
permen_api/errors/error_types.go:1.1,6.1 1 1
permen_api/errors/error_types.go:7.1,12.1 1 0
permen_api/errors/error_types.go:13.1,18.1 1 1
permen_api/errors/error_types.go:19.1,24.1 1 1
permen_api/errors/error_types.go:25.1,30.1 1 1
permen_api/errors/error_types.go:31.1,36.1 1 1
permen_api/errors/error_types.go:37.1,42.1 1 1
permen_api/errors/error_types.go:43.1,48.1 1 1
permen_api/errors/error_types.go:49.1,54.1 1 1
permen_api/errors/error_types.go:55.1,57.1 1 1
permen_api/helper/global.go:1.1,6.1 1 1
permen_api/helper/global.go:7.1,12.1 1 0
permen_api/helper/global.go:13.1,18.1 1 1
permen_api/helper/global.go:19.1,24.1 1 1
permen_api/helper/global.go:25.1,30.1 1 1
permen_api/helper/global.go:31.1,36.1 1 1
permen_api/helper/global.go:37.1,42.1 1 1
permen_api/helper/global.go:43.1,48.1 1 1
permen_api/helper/global.go:49.1,54.1 1 1
permen_api/helper/global.go:55.1,60.1 1 1
permen_api/helper/global.go:61.1,66.1 1 1
permen_api/helper/global.go:67.1,72.1 1 0
permen_api/helper/global.go:73.1,78.1 1 1
permen_api/helper/global.go:79.1,84.1 1 1
permen_api/helper/global.go:85.1,90.1 1 1
permen_api/helper/global.go:91.1,96.1 1 1
permen_api/helper/global.go:97.1,102.1 1 1
permen_api/helper/global.go:103.1,108.1 1 1
permen_api/helper/global.go:109.1,114.1 1 1
permen_api/helper/global.go:115.1,120.1 1 1
permen_api/helper/global.go:121.1,126.1 1 1
permen_api/helper/global.go:127.1,132.1 1 0
permen_api/helper/global.go:133.1,138.1 1 1
permen_api/helper/global.go:139.1,144.1 1 1
permen_api/helper/global.go:145.1,150.1 1 1
permen_api/helper/global.go:151.1,156.1 1 1
permen_api/helper/global.go:157.1,162.1 1 1
permen_api/helper/global.go:163.1,168.1 1 1
permen_api/helper/global.go:169.1,174.1 1 1
permen_api/helper/global.go:175.1,180.1 1 1
permen_api/helper/global.go:181.1,186.1 1 1
permen_api/helper/global.go:187.1,192.1 1 0
permen_api/helper/global.go:193.1,198.1 1 1
permen_api/helper/global.go:199.1,204.1 1 1
permen_api/helper/global.go:205.1,210.1 1 1
permen_api/helper/global.go:211.1,216.1 1 1
permen_api/helper/global.go:217.1,222.1 1 1
permen_api/helper/global.go:223.1,228.1 1 1
permen_api/helper/global.go:229.1,234.1 1 1
permen_api/helper/global.go:235.1,240.1 1 1
permen_api/helper/global.go:241.1,246.1 1 1
permen_api/helper/global.go:247.1,252.1 1 0
permen_api/helper/global.go:253.1,258.1 1 1
permen_api/helper/global.go:259.1,264.1 1 1
permen_api/helper/global.go:265.1,270.1 1 1
permen_api/helper/global.go:271.1,276.1 1 1
permen_api/helper/global.go:277.1,282.1 1 1
permen_api/helper/global.go:283.1,288.1 1 1
permen_api/helper/global.go:289.1,294.1 1 1
permen_api/helper/global.go:295.1,300.1 1 1
permen_api/helper/global.go:301.1,306.1 1 1
permen_api/helper/global.go:307.1,312.1 1 0
permen_api/helper/global.go:313.1,318.1 1 1
permen_api/helper/global.go:319.1,324.1 1 1
permen_api/helper/global.go:325.1,330.1 1 1
permen_api/helper/global.go:331.1,336.1 1 1
permen_api/helper/global.go:337.1,342.1 1 1
permen_api/helper/global.go:343.1,348.1 1 1
permen_api/helper/global.go:349.1,354.1 1 1
permen_api/helper/global.go:355.1,360.1 1 1
permen_api/helper/global.go:361.1,366.1 1 1
permen_api/helper/global.go:367.1,372.1 1 0
permen_api/helper/global.go:373.1,378.1 1 1
permen_api/helper/global.go:379.1,384.1 1 1
permen_api/helper/global.go:385.1,390.1 1 1
permen_api/helper/global.go:391.1,396.1 1 1
permen_api/helper/global.go:397.1,402.1 1 1
permen_api/helper/global.go:403.1,408.1 1 1
permen_api/helper/global.go:409.1,414.1 1 1
permen_api/helper/global.go:415.1,420.1 1 1
permen_api/helper/global.go:421.1,426.1 1 1
permen_api/helper/global.go:427.1,432.1 1 0
permen_api/helper/global.go:433.1,438.1 1 1
permen_api/helper/global.go:439.1,444.1 1 1
permen_api/helper/global.go:445.1,450.1 1 1
permen_api/helper/global.go:451.1,456.1 1 1
permen_api/helper/global.go:457.1,462.1 1 1
permen_api/helper/global.go:463.1,468.1 1 1
permen_api/helper/global.go:469.1,474.1 1 1
permen_api/helper/global.go:475.1,480.1 1 1
permen_api/helper/global.go:481.1,486.1 1 1
permen_api/helper/global.go:487.1,492.1 1 0
permen_api/helper/global.go:493.1,498.1 1 1
permen_api/helper/global.go:499.1,504.1 1 1
permen_api/helper/global.go:505.1,510.1 1 1
permen_api/helper/global.go:511.1,516.1 1 1
permen_api/helper/global.go:517.1,522.1 1 1
permen_api/helper/regexp/regexp.go:1.1,6.1 1 1
permen_api/helper/regexp/regexp.go:7.1,12.1 1 1
permen_api/helper/regexp/regexp.go:13.1,18.1 1 1
permen_api/helper/regexp/regexp.go:19.1,24.1 1 1
permen_api/helper/regexp/regexp.go:25.1,30.1 1 0
permen_api/helper/regexp/regexp.go:31.1,36.1 1 1
permen_api/helper/regexp/regexp.go:37.1,42.1 1 1
permen_api/helper/regexp/regexp.go:43.1,48.1 1 1
permen_api/helper/regexp/regexp.go:49.1,54.1 1 1
permen_api/helper/regexp/regexp.go:55.1,56.1 1 1
permen_api/helper/response/response.go:1.1,6.1 1 1
permen_api/helper/response/response.go:7.1,12.1 1 1
permen_api/helper/response/response.go:13.1,18.1 1 1
permen_api/helper/response/response.go:19.1,24.1 1 1
permen_api/helper/response/response.go:25.1,30.1 1 0
permen_api/helper/response/response.go:31.1,36.1 1 1
permen_api/helper/response/response.go:37.1,42.1 1 1
permen_api/helper/response/response.go:43.1,48.1 1 1
permen_api/helper/response/response.go:49.1,54.1 1 1
permen_api/helper/response/response.go:55.1,60.1 1 1
permen_api/helper/response/response.go:61.1,66.1 1 1
permen_api/helper/response/response.go:67.1,67.1 1 1
permen_api/helper/security/header_validation.go:1.1,6.1 1 1
permen_api/helper/security/header_validation.go:7.1,12.1 1 1
permen_api/helper/security/header_validation.go:13.1,18.1 1 0
permen_api/helper/security/header_validation.go:19.1,24.1 1 1
permen_api/helper/security/header_validation.go:25.1,30.1 1 1
permen_api/helper/security/header_validation.go:31.1,36.1 1 1
permen_api/helper/security/header_validation.go:37.1,42.1 1 1
permen_api/helper/security/header_validation.go:43.1,48.1 1 1
permen_api/helper/security/header_validation.go:49.1,54.1 1 1
permen_api/helper/security/header_validation.go:55.1,60.1 1 1
permen_api/helper/security/header_validation.go:61.1,66.1 1 1
permen_api/helper/security/header_validation.go:67.1,72.1 1 1
permen_api/helper/security/header_validation.go:73.1,78.1 1 0
permen_api/helper/security/header_validation.go:79.1,84.1 1 1
permen_api/helper/security/header_validation.go:85.1,90.1 1 1
permen_api/helper/security/header_validation.go:91.1,96.1 1 1
permen_api/helper/security/header_validation.go:97.1,102.1 1 1
permen_api/helper/security/header_validation.go:103.1,108.1 1 1
permen_api/helper/security/header_validation.go:109.1,114.1 1 1
permen_api/helper/security/header_validation.go:115.1,120.1 1 1
permen_api/helper/security/header_validation.go:121.1,126.1 1 1
permen_api/helper/security/header_validation.go:127.1,132.1 1 1
permen_api/helper/security/header_validation.go:133.1,138.1 1 0
permen_api/helper/security/header_validation.go:139.1,144.1 1 1
permen_api/helper/security/header_validation.go:145.1,150.1 1 1
permen_api/helper/security/header_validation.go:151.1,156.1 1 1
permen_api/helper/security/header_validation.go:157.1,162.1 1 1
permen_api/helper/security/header_validation.go:163.1,168.1 1 1
permen_api/helper/security/header_validation.go:169.1,174.1 1 1
permen_api/helper/security/header_validation.go:175.1,180.1 1 1
permen_api/helper/security/header_validation.go:181.1,186.1 1 1
permen_api/helper/security/header_validation.go:187.1,192.1 1 1
permen_api/helper/security/header_validation.go:193.1,198.1 1 0
permen_api/helper/security/header_validation.go:199.1,203.1 1 1
permen_api/helper/security/sql_sanitizer.go:1.1,6.1 1 1
permen_api/helper/security/sql_sanitizer.go:7.1,12.1 1 1
permen_api/helper/security/sql_sanitizer.go:13.1,18.1 1 1
permen_api/helper/security/sql_sanitizer.go:19.1,24.1 1 1
permen_api/helper/security/sql_sanitizer.go:25.1,30.1 1 1
permen_api/helper/security/sql_sanitizer.go:31.1,36.1 1 1
permen_api/helper/security/sql_sanitizer.go:37.1,42.1 1 1
permen_api/helper/security/sql_sanitizer.go:43.1,48.1 1 1
permen_api/helper/security/sql_sanitizer.go:49.1,54.1 1 0
permen_api/helper/security/sql_sanitizer.go:55.1,60.1 1 1
permen_api/helper/security/sql_sanitizer.go:61.1,66.1 1 1
permen_api/helper/security/sql_sanitizer.go:67.1,72.1 1 1
permen_api/helper/security/sql_sanitizer.go:73.1,78.1 1 1
permen_api/helper/security/sql_sanitizer.go:79.1,84.1 1 1
permen_api/helper/security/sql_sanitizer.go:85.1,90.1 1 1
permen_api/helper/security/sql_sanitizer.go:91.1,96.1 1 1
permen_api/helper/security/sql_sanitizer.go:97.1,102.1 1 1
permen_api/helper/security/sql_sanitizer.go:103.1,108.1 1 1
permen_api/helper/security/sql_sanitizer.go:109.1,114.1 1 0
permen_api/helper/security/sql_sanitizer.go:115.1,120.1 1 1
permen_api/helper/security/sql_sanitizer.go:121.1,126.1 1 1
permen_api/helper/security/sql_sanitizer.go:127.1,132.1 1 1
permen_api/helper/security/sql_sanitizer.go:133.1,138.1 1 1
permen_api/helper/security/sql_sanitizer.go:139.1,144.1 1 1
permen_api/helper/security/sql_sanitizer.go:145.1,150.1 1 1
permen_api/helper/security/sql_sanitizer.go:151.1,156.1 1 1
permen_api/helper/security/sql_sanitizer.go:157.1,162.1 1 1
permen_api/helper/security/sql_sanitizer.go:163.1,168.1 1 1
permen_api/helper/security/sql_sanitizer.go:169.1,174.1 1 0
permen_api/helper/security/sql_sanitizer.go:175.1,180.1 1 1
permen_api/helper/security/sql_sanitizer.go:181.1,186.1 1 1
permen_api/helper/security/sql_sanitizer.go:187.1,192.1 1 1
permen_api/helper/security/sql_sanitizer.go:193.1,198.1 1 1
permen_api/helper/security/sql_sanitizer.go:199.1,204.1 1 1
permen_api/helper/security/sql_sanitizer.go:205.1,210.1 1 1
permen_api/helper/status_code.go:1.1,6.1 1 1
permen_api/helper/status_code.go:7.1,12.1 1 1
permen_api/helper/status_code.go:13.1,18.1 1 1
permen_api/helper/time/time.go:1.1,6.1 1 0
permen_api/helper/time/time.go:7.1,12.1 1 1
permen_api/helper/time/time.go:13.1,18.1 1 1
permen_api/helper/time/time.go:19.1,24.1 1 1
permen_api/helper/time/time.go:25.1,30.1 1 1
permen_api/helper/time/time.go:31.1,36.1 1 1
permen_api/helper/time/time.go:37.1,42.1 1 1
permen_api/helper/time/time.go:43.1,48.1 1 1
permen_api/helper/time/time.go:49.1,54.1 1 1
permen_api/helper/time/time.go:55.1,60.1 1 1
permen_api/helper/time/time.go:61.1,66.1 1 0
permen_api/helper/time/time.go:67.1,72.1 1 1
permen_api/helper/time/time.go:73.1,78.1 1 1
permen_api/helper/time/time.go:79.1,84.1 1 1
permen_api/helper/time/time.go:85.1,90.1 1 1
permen_api/helper/time/time.go:91.1,92.1 1 1
permen_api/helper/log/log.go:1.1,6.1 1 1
permen_api/helper/log/log.go:7.1,12.1 1 1
permen_api/helper/log/log.go:13.1,18.1 1 1
permen_api/helper/log/log.go:19.1,24.1 1 1
permen_api/helper/log/log.go:25.1,30.1 1 0
permen_api/helper/log/log.go:31.1,36.1 1 1
permen_api/helper/log/log.go:37.1,42.1 1 1
permen_api/helper/log/log.go:43.1,48.1 1 1
permen_api/helper/log/log.go:49.1,54.1 1 1
permen_api/helper/log/log.go:55.1,60.1 1 1
permen_api/helper/log/log.go:61.1,66.1 1 1
permen_api/helper/log/log.go:67.1,72.1 1 1
permen_api/helper/log/log.go:73.1,78.1 1 1
permen_api/helper/log/log.go:79.1,84.1 1 1
permen_api/helper/log/log.go:85.1,87.1 1 0
permen_api/helper/request/filter_request_param.go:1.1,1.1 1 1
permen_api/helper/request/request.go:1.1,6.1 1 1
permen_api/helper/request/request.go:7.1,12.1 1 1
permen_api/helper/request/request.go:13.1,18.1 1 1
permen_api/helper/request/request.go:19.1,24.1 1 1
permen_api/helper/request/request.go:25.1,30.1 1 1
permen_api/helper/request/request.go:31.1,36.1 1 1
permen_api/helper/request/request.go:37.1,42.1 1 1
permen_api/helper/request/request.go:43.1,48.1 1 1
permen_api/helper/request/request.go:49.1,49.1 1 0
permen_api/helper/error/error.go:1.1,6.1 1 1
permen_api/helper/error/error.go:7.1,12.1 1 1
permen_api/helper/error/error.go:13.1,18.1 1 1
permen_api/helper/error/error.go:19.1,24.1 1 1
permen_api/helper/error/error.go:25.1,30.1 1 1
permen_api/helper/error/error.go:31.1,36.1 1 1
permen_api/helper/error/error.go:37.1,42.1 1 1
permen_api/helper/error/error.go:43.1,48.1 1 1
permen_api/helper/error/error.go:49.1,54.1 1 1
permen_api/helper/error/error.go:55.1,60.1 1 0
permen_api/helper/error/error.go:61.1,66.1 1 1
permen_api/helper/error/error.go:67.1,72.1 1 1
permen_api/helper/error/error.go:73.1,78.1 1 1
permen_api/helper/error/error.go:79.1,84.1 1 1
permen_api/helper/error/error.go:85.1,90.1 1 1
permen_api/helper/error/error.go:91.1,95.1 1 1
permen_api/domain/auth/dto/dto_auth.go:1.1,6.1 1 1
permen_api/domain/auth/dto/dto_auth.go:7.1,7.1 1 1
permen_api/domain/auth/handler/handler_auth.go:1.1,6.1 1 1
permen_api/domain/auth/handler/handler_auth.go:7.1,12.1 1 0
permen_api/domain/auth/handler/handler_auth.go:13.1,18.1 1 1
permen_api/domain/auth/handler/handler_auth.go:19.1,24.1 1 1
permen_api/domain/auth/handler/handler_auth.go:25.1,30.1 1 1
permen_api/domain/auth/handler/handler_auth.go:31.1,36.1 1 1
permen_api/domain/auth/handler/handler_auth.go:37.1,42.1 1 1
permen_api/domain/auth/handler/handler_auth.go:43.1,48.1 1 1
permen_api/domain/auth/handler/handler_auth.go:49.1,54.1 1 1
permen_api/domain/auth/handler/handler_auth.go:55.1,60.1 1 1
permen_api/domain/auth/handler/handler_auth.go:61.1,66.1 1 1
permen_api/domain/auth/handler/handler_auth.go:67.1,71.1 1 0
permen_api/domain/sample/dto/dto.go:1.1,6.1 1 1
permen_api/domain/sample/dto/dto.go:7.1,12.1 1 1
permen_api/domain/sample/dto/dto.go:13.1,18.1 1 1
permen_api/domain/sample/dto/dto.go:19.1,24.1 1 1
permen_api/domain/sample/dto/dto.go:25.1,29.1 1 1
permen_api/domain/sample/handler/sample_handler.go:1.1,6.1 1 1
permen_api/domain/sample/handler/sample_handler.go:7.1,12.1 1 1
permen_api/domain/sample/handler/sample_handler.go:13.1,18.1 1 1
permen_api/domain/sample/handler/sample_handler.go:19.1,24.1 1 1
permen_api/domain/sample/handler/sample_handler.go:25.1,30.1 1 0
permen_api/domain/sample/handler/sample_handler.go:31.1,36.1 1 1
permen_api/domain/sample/handler/sample_handler.go:37.1,42.1 1 1
permen_api/domain/sample/handler/sample_handler.go:43.1,48.1 1 1
permen_api/domain/sample/handler/sample_handler.go:49.1,54.1 1 1
permen_api/domain/sample/handler/sample_handler.go:55.1,60.1 1 1
permen_api/domain/sample/handler/sample_handler.go:61.1,66.1 1 1
permen_api/domain/sample/handler/sample_handler.go:67.1,72.1 1 1
permen_api/domain/sample/handler/sample_handler.go:73.1,78.1 1 1
permen_api/domain/sample/handler/sample_handler.go:79.1,84.1 1 1
permen_api/domain/sample/handler/sample_handler.go:85.1,90.1 1 0
permen_api/domain/sample/handler/sample_handler.go:91.1,96.1 1 1
permen_api/domain/sample/handler/sample_handler.go:97.1,102.1 1 1
permen_api/domain/sample/handler/sample_handler.go:103.1,108.1 1 1
permen_api/domain/sample/handler/sample_handler.go:109.1,113.1 1 1
permen_api/domain/sample/utils/utils.go:1.1,1.1 1 1
permen_api/domain/sample/model/userintegration.go:1.1,6.1 1 1
permen_api/domain/sample/model/userintegration.go:7.1,11.1 1 1
permen_api/domain/sample/service/userIntegration_service.go:1.1,6.1 1 1
permen_api/domain/sample/service/userIntegration_service.go:7.1,12.1 1 1
permen_api/domain/sample/service/userIntegration_service.go:13.1,18.1 1 0
permen_api/domain/sample/service/userIntegration_service.go:19.1,24.1 1 1
permen_api/domain/sample/service/userIntegration_service.go:25.1,30.1 1 1
permen_api/domain/sample/service/userIntegration_service.go:31.1,36.1 1 1
permen_api/domain/sample/service/userIntegration_service.go:37.1,42.1 1 1
permen_api/domain/sample/service/userIntegration_service.go:43.1,48.1 1 1
permen_api/domain/sample/service/userIntegration_service.go:49.1,54.1 1 1
permen_api/domain/sample/service/userIntegration_service.go:55.1,60.1 1 1
permen_api/domain/sample/service/inquiry_esb.go:1.1,6.1 1 1
permen_api/domain/sample/service/inquiry_esb.go:7.1,12.1 1 1
permen_api/domain/sample/service/inquiry_esb.go:13.1,18.1 1 0
permen_api/domain/sample/service/inquiry_esb.go:19.1,24.1 1 1
permen_api/domain/sample/service/inquiry_esb.go:25.1,30.1 1 1
permen_api/domain/sample/service/inquiry_esb.go:31.1,36.1 1 1
permen_api/domain/sample/service/inquiry_esb.go:37.1,42.1 1 1
permen_api/domain/sample/service/inquiry_esb.go:43.1,48.1 1 1
permen_api/domain/sample/service/inquiry_esb.go:49.1,54.1 1 1
permen_api/domain/sample/service/inquiry_esb.go:55.1,60.1 1 1
permen_api/domain/sample/service/inquiry_esb.go:61.1,66.1 1 1
permen_api/domain/sample/service/inquiry_esb.go:67.1,67.1 1 1
permen_api/domain/sample/service/sample_interface.go:1.1,6.1 1 0
permen_api/domain/sample/service/sample_interface.go:7.1,12.1 1 1
permen_api/domain/sample/service/sample_interface.go:13.1,18.1 1 1
permen_api/domain/sample/service/sample_interface.go:19.1,24.1 1 1
permen_api/domain/sample/service/sample_interface.go:25.1,28.1 1 1
permen_api/domain/sample/repo/sample_repo_interface.go:1.1,6.1 1 1
permen_api/domain/sample/repo/sample_repo_interface.go:7.1,12.1 1 1
permen_api/domain/sample/repo/sample_repo_interface.go:13.1,18.1 1 1
permen_api/domain/sample/repo/sample_repo_interface.go:19.1,24.1 1 1
permen_api/domain/sample/repo/sample_repo_interface.go:25.1,29.1 1 1
permen_api/domain/sample/repo/userIntegration_data.go:1.1,6.1 1 0
permen_api/domain/sample/repo/userIntegration_data.go:7.1,12.1 1 1
permen_api/domain/sample/repo/userIntegration_data.go:13.1,18.1 1 1
permen_api/domain/sample/repo/userIntegration_data.go:19.1,24.1 1 1
permen_api/domain/sample/repo/userIntegration_data.go:25.1,30.1 1 1
permen_api/domain/sample/repo/userIntegration_data.go:31.1,34.1 1 1
permen_api/routes/segment/sample_routes.go:1.1,6.1 1 1
permen_api/routes/segment/sample_routes.go:7.1,12.1 1 1
permen_api/routes/segment/sample_routes.go:13.1,18.1 1 1
permen_api/routes/segment/sample_routes.go:19.1,24.1 1 1
permen_api/routes/segment/sample_routes.go:25.1,30.1 1 0
permen_api/routes/segment/sample_routes.go:31.1,31.1 1 1
permen_api/routes/protected_routes.go:1.1,6.1 1 1
permen_api/routes/protected_routes.go:7.1,12.1 1 1
permen_api/routes/public_routes.go:1.1,6.1 1 1
permen_api/routes/public_routes.go:7.1,12.1 1 1
permen_api/routes/public_routes.go:13.1,17.1 1 1
permen_api/routes/router.go:1.1,6.1 1 1
permen_api/routes/router.go:7.1,12.1 1 1
permen_api/routes/router.go:13.1,18.1 1 1
permen_api/routes/router.go:19.1,24.1 1 0
permen_api/routes/router.go:25.1,30.1 1 1
permen_api/routes/router.go:31.1,36.1 1 1
permen_api/routes/router.go:37.1,42.1 1 1
permen_api/routes/router.go:43.1,48.1 1 1
permen_api/routes/router.go:49.1,54.1 1 1
permen_api/routes/router.go:55.1,60.1 1 1
permen_api/routes/router.go:61.1,66.1 1 1
permen_api/routes/router.go:67.1,72.1 1 1
permen_api/routes/router.go:73.1,73.1 1 1
permen_api/main.go:1.1,6.1 1 0
permen_api/main.go:7.1,12.1 1 1
permen_api/main.go:13.1,18.1 1 1
permen_api/main.go:19.1,24.1 1 1
permen_api/main.go:25.1,30.1 1 1
permen_api/main.go:31.1,36.1 1 1
permen_api/main.go:37.1,42.1 1 1
permen_api/main.go:43.1,48.1 1 1
permen_api/main.go:49.1,54.1 1 1
permen_api/main.go:55.1,60.1 1 1
permen_api/main.go:61.1,66.1 1 0
permen_api/main.go:67.1,72.1 1 1
permen_api/main.go:73.1,78.1 1 1
permen_api/main.go:79.1,84.1 1 1
permen_api/main.go:85.1,86.1 1 1
permen_api/validation/validator.go:1.1,6.1 1 1
permen_api/validation/validator.go:7.1,12.1 1 1
permen_api/validation/validator.go:13.1,18.1 1 1
permen_api/validation/validator.go:19.1,24.1 1 1
permen_api/validation/validator.go:25.1,30.1 1 1
permen_api/validation/validator.go:31.1,36.1 1 0
permen_api/validation/validator.go:37.1,42.1 1 1
permen_api/validation/validator.go:43.1,48.1 1 1
permen_api/validation/validator.go:49.1,54.1 1 1
permen_api/validation/validator.go:55.1,60.1 1 1
permen_api/validation/validator.go:61.1,66.1 1 1
permen_api/validation/validator.go:67.1,72.1 1 1
permen_api/validation/validator.go:73.1,78.1 1 1
permen_api/validation/validator.go:79.1,84.1 1 1
permen_api/validation/validator.go:85.1,90.1 1 1
permen_api/validation/validator.go:91.1,96.1 1 0
permen_api/validation/validator.go:97.1,102.1 1 1
permen_api/validation/validator.go:103.1,108.1 1 1
permen_api/validation/validator.go:109.1,114.1 1 1
permen_api/validation/validator.go:115.1,120.1 1 1
permen_api/validation/validator.go:121.1,126.1 1 1
permen_api/validation/validator.go:127.1,132.1 1 1
permen_api/validation/validator.go:133.1,138.1 1 1
permen_api/validation/validator.go:139.1,144.1 1 1
permen_api/validation/validator.go:145.1,150.1 1 1
permen_api/validation/validator.go:151.1,156.1 1 0
permen_api/validation/validator.go:157.1,162.1 1 1
permen_api/validation/validator.go:163.1,168.1 1 1
permen_api/validation/validator.go:169.1,174.1 1 1
permen_api/validation/validator.go:175.1,180.1 1 1
permen_api/validation/validator.go:181.1,186.1 1 1
permen_api/validation/validator.go:187.1,192.1 1 1
permen_api/validation/validator.go:193.1,198.1 1 1
permen_api/validation/validator.go:199.1,204.1 1 1
permen_api/validation/validator.go:205.1,210.1 1 1
permen_api/validation/validator.go:211.1,216.1 1 0
permen_api/validation/validator.go:217.1,222.1 1 1
permen_api/validation/validator.go:223.1,228.1 1 1
permen_api/validation/validator.go:229.1,234.1 1 1
permen_api/validation/validator.go:235.1,240.1 1 1
permen_api/validation/validator.go:241.1,246.1 1 1
permen_api/validation/validator.go:247.1,252.1 1 1
permen_api/validation/validator.go:253.1,258.1 1 1
permen_api/validation/validator.go:259.1,264.1 1 1
permen_api/validation/validator.go:265.1,270.1 1 1
permen_api/validation/validator.go:271.1,276.1 1 0
permen_api/validation/validator.go:277.1,282.1 1 1
permen_api/validation/validator.go:283.1,288.1 1 1
permen_api/validation/validator.go:289.1,294.1 1 1
permen_api/validation/validator.go:295.1,300.1 1 1
permen_api/validation/validator.go:301.1,306.1 1 1
permen_api/validation/validator.go:307.1,312.1 1 1
permen_api/validation/validator.go:313.1,318.1 1 1
permen_api/validation/validator.go:319.1,324.1 1 1
permen_api/validation/validator.go:325.1,330.1 1 1
permen_api/validation/validator.go:331.1,336.1 1 0
permen_api/validation/validator.go:337.1,342.1 1 1
permen_api/validation/validator.go:343.1,348.1 1 1
permen_api/validation/validator.go:349.1,354.1 1 1
permen_api/validation/validator.go:355.1,360.1 1 1
permen_api/validation/validator.go:361.1,366.1 1 1
permen_api/validation/validator.go:367.1,372.1 1 1
permen_api/validation/validator.go:373.1,374.1 1 1
permen_api/pkg/jwt/jwt.go:1.1,6.1 1 1
permen_api/pkg/jwt/jwt.go:7.1,12.1 1 1
permen_api/pkg/jwt/jwt.go:13.1,18.1 1 0
permen_api/pkg/jwt/jwt.go:19.1,24.1 1 1
permen_api/pkg/jwt/jwt.go:25.1,30.1 1 1
permen_api/pkg/jwt/jwt.go:31.1,36.1 1 1
permen_api/pkg/jwt/jwt.go:37.1,42.1 1 1
permen_api/pkg/jwt/jwt.go:43.1,48.1 1 1
permen_api/pkg/jwt/jwt.go:49.1,54.1 1 1
permen_api/pkg/jwt/jwt.go:55.1,60.1 1 1
permen_api/pkg/jwt/jwt.go:61.1,66.1 1 1
permen_api/pkg/jwt/jwt.go:67.1,72.1 1 1
permen_api/pkg/jwt/jwt.go:73.1,78.1 1 0
permen_api/pkg/jwt/jwt.go:79.1,84.1 1 1
permen_api/pkg/jwt/jwt.go:85.1,90.1 1 1
permen_api/pkg/jwt/jwt.go:91.1,96.1 1 1
permen_api/pkg/jwt/jwt.go:97.1,102.1 1 1
permen_api/pkg/jwt/jwt.go:103.1,108.1 1 1
permen_api/pkg/jwt/jwt.go:109.1,114.1 1 1
permen_api/pkg/jwt/jwt.go:115.1,120.1 1 1
permen_api/pkg/jwt/jwt.go:121.1,126.1 1 1
permen_api/pkg/jwt/jwt.go:127.1,128.1 1 1
permen_api/pkg/database/database.go:1.1,6.1 1 0
permen_api/pkg/database/database.go:7.1,12.1 1 1
permen_api/pkg/database/database.go:13.1,18.1 1 1
permen_api/pkg/database/database.go:19.1,24.1 1 1
permen_api/pkg/database/database.go:25.1,30.1 1 1
permen_api/pkg/database/database.go:31.1,36.1 1 1
permen_api/pkg/database/database.go:37.1,42.1 1 1
permen_api/pkg/database/database.go:43.1,48.1 1 1
permen_api/pkg/database/database.go:49.1,54.1 1 1
permen_api/pkg/database/database.go:55.1,60.1 1 1
permen_api/pkg/database/database.go:61.1,66.1 1 0
permen_api/pkg/database/database.go:67.1,72.1 1 1
permen_api/pkg/database/database.go:73.1,78.1 1 1
permen_api/pkg/database/database.go:79.1,84.1 1 1
permen_api/pkg/database/database.go:85.1,90.1 1 1
permen_api/pkg/database/database.go:91.1,95.1 1 1
permen_api/pkg/transport/rest_transport.go:1.1,6.1 1 1
permen_api/pkg/transport/rest_transport.go:7.1,12.1 1 1
permen_api/pkg/transport/rest_transport.go:13.1,18.1 1 1
permen_api/pkg/transport/rest_transport.go:19.1,24.1 1 1
permen_api/pkg/transport/rest_transport.go:25.1,30.1 1 0
permen_api/pkg/transport/rest_transport.go:31.1,36.1 1 1
permen_api/pkg/transport/rest_transport.go:37.1,42.1 1 1
permen_api/pkg/transport/rest_transport.go:43.1,48.1 1 1
permen_api/pkg/transport/rest_transport.go:49.1,54.1 1 1
permen_api/pkg/transport/rest_transport.go:55.1,60.1 1 1
permen_api/pkg/transport/rest_transport.go:61.1,66.1 1 1
permen_api/pkg/transport/rest_transport.go:67.1,72.1 1 1
permen_api/pkg/transport/rest_transport.go:73.1,78.1 1 1
permen_api/pkg/transport/rest_transport.go:79.1,84.1 1 1
permen_api/pkg/transport/rest_transport.go:85.1,90.1 1 0
permen_api/pkg/transport/rest_transport.go:91.1,96.1 1 1
permen_api/pkg/transport/rest_transport.go:97.1,102.1 1 1
permen_api/pkg/transport/rest_transport.go:103.1,108.1 1 1
permen_api/pkg/transport/rest_transport.go:109.1,114.1 1 1
permen_api/pkg/transport/rest_transport.go:115.1,120.1 1 1
permen_api/pkg/transport/rest_transport.go:121.1,126.1 1 1
permen_api/pkg/transport/rest_transport.go:127.1,132.1 1 1
permen_api/pkg/transport/rest_transport.go:133.1,138.1 1 1
permen_api/pkg/transport/rest_transport.go:139.1,144.1 1 1
permen_api/pkg/transport/rest_transport.go:145.1,150.1 1 0
permen_api/pkg/transport/rest_transport.go:151.1,156.1 1 1
permen_api/pkg/transport/rest_transport.go:157.1,162.1 1 1
permen_api/pkg/transport/rest_transport.go:163.1,168.1 1 1
permen_api/pkg/transport/rest_transport.go:169.1,174.1 1 1
permen_api/pkg/transport/rest_transport.go:175.1,180.1 1 1
permen_api/pkg/transport/rest_transport.go:181.1,186.1 1 1
permen_api/pkg/transport/rest_transport.go:187.1,192.1 1 1
permen_api/pkg/transport/rest_transport.go:193.1,198.1 1 1
permen_api/pkg/transport/rest_transport.go:199.1,204.1 1 1
permen_api/pkg/transport/rest_transport.go:205.1,210.1 1 0
permen_api/pkg/transport/rest_transport.go:211.1,216.1 1 1
permen_api/pkg/transport/rest_transport.go:217.1,222.1 1 1
permen_api/pkg/transport/rest_transport.go:223.1,228.1 1 1
permen_api/pkg/transport/rest_transport.go:229.1,234.1 1 1
permen_api/pkg/transport/rest_transport.go:235.1,240.1 1 1
permen_api/pkg/transport/rest_transport.go:241.1,246.1 1 1
permen_api/pkg/transport/rest_transport.go:247.1,252.1 1 1
permen_api/pkg/transport/rest_transport.go:253.1,258.1 1 1
permen_api/pkg/transport/rest_transport.go:259.1,264.1 1 1
permen_api/pkg/transport/rest_transport.go:265.1,270.1 1 0
permen_api/pkg/transport/rest_transport.go:271.1,276.1 1 1
permen_api/pkg/transport/rest_transport.go:277.1,282.1 1 1
permen_api/pkg/transport/rest_transport.go:283.1,288.1 1 1
permen_api/pkg/transport/rest_transport.go:289.1,294.1 1 1
permen_api/pkg/transport/rest_transport.go:295.1,300.1 1 1
permen_api/pkg/transport/rest_transport.go:301.1,306.1 1 1
permen_api/pkg/transport/rest_transport.go:307.1,312.1 1 1
permen_api/pkg/transport/rest_transport.go:313.1,318.1 1 1
permen_api/pkg/transport/rest_transport.go:319.1,324.1 1 1
permen_api/pkg/transport/rest_transport.go:325.1,330.1 1 0
permen_api/pkg/transport/rest_transport.go:331.1,336.1 1 1
permen_api/pkg/transport/rest_transport.go:337.1,342.1 1 1
permen_api/pkg/transport/rest_transport.go:343.1,348.1 1 1
permen_api/pkg/transport/rest_transport.go:349.1,354.1 1 1
permen_api/pkg/transport/rest_transport.go:355.1,360.1 1 1
permen_api/pkg/transport/rest_transport.go:361.1,366.1 1 1
permen_api/pkg/transport/rest_transport.go:367.1,372.1 1 1
permen_api/pkg/transport/rest_transport.go:373.1,378.1 1 1
permen_api/pkg/transport/rest_transport.go:379.1,384.1 1 1
permen_api/pkg/transport/rest_transport.go:385.1,390.1 1 0
permen_api/pkg/transport/rest_transport.go:391.1,396.1 1 1
permen_api/pkg/transport/rest_transport.go:397.1,402.1 1 1
permen_api/pkg/transport/rest_transport.go:403.1,408.1 1 1
permen_api/pkg/transport/rest_transport.go:409.1,414.1 1 1
permen_api/pkg/transport/rest_transport.go:415.1,420.1 1 1
permen_api/pkg/transport/rest_transport.go:421.1,426.1 1 1
permen_api/pkg/transport/rest_transport.go:427.1,432.1 1 1
permen_api/pkg/transport/rest_transport.go:433.1,438.1 1 1
permen_api/pkg/transport/rest_transport.go:439.1,444.1 1 1
permen_api/pkg/transport/rest_transport.go:445.1,450.1 1 0
permen_api/pkg/transport/rest_transport.go:451.1,456.1 1 1
permen_api/pkg/transport/rest_transport.go:457.1,462.1 1 1
permen_api/pkg/transport/rest_transport.go:463.1,468.1 1 1
permen_api/pkg/transport/rest_transport.go:469.1,474.1 1 1
permen_api/pkg/transport/rest_transport.go:475.1,480.1 1 1
permen_api/pkg/transport/rest_transport.go:481.1,486.1 1 1
permen_api/pkg/transport/rest_transport.go:487.1,492.1 1 1
permen_api/pkg/transport/rest_transport.go:493.1,498.1 1 1
permen_api/pkg/transport/rest_transport.go:499.1,504.1 1 1
permen_api/pkg/transport/rest_transport.go:505.1,510.1 1 0
permen_api/pkg/transport/rest_transport.go:511.1,516.1 1 1
permen_api/pkg/transport/rest_transport.go:517.1,522.1 1 1
permen_api/pkg/transport/rest_transport.go:523.1,528.1 1 1
permen_api/pkg/transport/rest_transport.go:529.1,534.1 1 1
permen_api/pkg/transport/rest_transport.go:535.1,540.1 1 1
permen_api/pkg/transport/rest_transport.go:541.1,546.1 1 1
permen_api/pkg/transport/rest_transport.go:547.1,552.1 1 1
permen_api/pkg/transport/rest_transport.go:553.1,558.1 1 1
permen_api/pkg/transport/rest_transport.go:559.1,564.1 1 1
permen_api/pkg/transport/rest_transport.go:565.1,567.1 1 0
permen_api/pkg/logger/zap.go:1.1,6.1 1 1
permen_api/pkg/logger/zap.go:7.1,12.1 1 1
permen_api/pkg/logger/zap.go:13.1,18.1 1 1
permen_api/pkg/logger/zap.go:19.1,24.1 1 1
permen_api/pkg/logger/zap.go:25.1,30.1 1 1
permen_api/pkg/logger/zap.go:31.1,36.1 1 1
permen_api/pkg/logger/zap.go:37.1,42.1 1 1
permen_api/pkg/logger/zap.go:43.1,48.1 1 1
permen_api/pkg/logger/zap.go:49.1,54.1 1 1
permen_api/pkg/logger/zap.go:55.1,60.1 1 0
permen_api/pkg/logger/zap.go:61.1,66.1 1 1
permen_api/pkg/logger/zap.go:67.1,72.1 1 1
permen_api/pkg/logger/zap.go:73.1,78.1 1 1
permen_api/pkg/logger/zap.go:79.1,84.1 1 1
permen_api/pkg/logger/zap.go:85.1,90.1 1 1
permen_api/pkg/logger/zap.go:91.1,96.1 1 1
permen_api/pkg/logger/zap.go:97.1,102.1 1 1
permen_api/pkg/logger/zap.go:103.1,108.1 1 1
permen_api/pkg/logger/zap.go:109.1,114.1 1 1
permen_api/pkg/logger/zap.go:115.1,119.1 1 0
permen_api/pkg/encryptor/encryptor.go:1.1,6.1 1 1
permen_api/pkg/encryptor/encryptor.go:7.1,12.1 1 1
permen_api/pkg/encryptor/encryptor.go:13.1,18.1 1 1
permen_api/pkg/encryptor/encryptor.go:19.1,24.1 1 1
permen_api/pkg/encryptor/encryptor.go:25.1,30.1 1 1
permen_api/pkg/encryptor/encryptor.go:31.1,36.1 1 1
permen_api/pkg/encryptor/encryptor.go:37.1,42.1 1 1
permen_api/pkg/encryptor/encryptor.go:43.1,48.1 1 1
permen_api/pkg/encryptor/encryptor.go:49.1,54.1 1 1
permen_api/pkg/encryptor/encryptor.go:55.1,60.1 1 0
permen_api/pkg/encryptor/encryptor.go:61.1,66.1 1 1
permen_api/pkg/encryptor/encryptor.go:67.1,72.1 1 1
permen_api/pkg/encryptor/encryptor.go:73.1,78.1 1 1
permen_api/pkg/encryptor/encryptor.go:79.1,84.1 1 1
permen_api/pkg/encryptor/encryptor.go:85.1,90.1 1 1
permen_api/pkg/encryptor/encryptor.go:91.1,96.1 1 1
permen_api/pkg/encryptor/encryptor.go:97.1,102.1 1 1
permen_api/pkg/encryptor/encryptor.go:103.1,108.1 1 1
permen_api/pkg/encryptor/encryptor.go:109.1,114.1 1 1
permen_api/pkg/encryptor/encryptor.go:115.1,120.1 1 0
permen_api/pkg/encryptor/encryptor.go:121.1,126.1 1 1
permen_api/pkg/encryptor/encryptor.go:127.1,132.1 1 1
permen_api/pkg/encryptor/encryptor.go:133.1,138.1 1 1
permen_api/pkg/encryptor/encryptor.go:139.1,144.1 1 1
permen_api/pkg/encryptor/encryptor.go:145.1,150.1 1 1
permen_api/pkg/encryptor/encryptor.go:151.1,156.1 1 1
permen_api/pkg/encryptor/encryptor.go:157.1,162.1 1 1
permen_api/pkg/encryptor/encryptor.go:163.1,168.1 1 1
permen_api/pkg/encryptor/encryptor.go:169.1,174.1 1 1
permen_api/pkg/encryptor/encryptor.go:175.1,180.1 1 0
permen_api/pkg/encryptor/encryptor.go:181.1,186.1 1 1
permen_api/pkg/encryptor/encryptor.go:187.1,192.1 1 1
permen_api/pkg/encryptor/encryptor.go:193.1,198.1 1 1
permen_api/pkg/encryptor/encryptor.go:199.1,204.1 1 1
permen_api/pkg/encryptor/encryptor.go:205.1,210.1 1 1
permen_api/pkg/encryptor/encryptor.go:211.1,216.1 1 1
permen_api/pkg/encryptor/encryptor.go:217.1,222.1 1 1
permen_api/pkg/binder/binder.go:1.1,6.1 1 1
permen_api/pkg/binder/binder.go:7.1,12.1 1 1
permen_api/pkg/binder/binder.go:13.1,18.1 1 0
permen_api/pkg/binder/binder.go:19.1,24.1 1 1
permen_api/pkg/binder/binder.go:25.1,30.1 1 1
permen_api/pkg/binder/binder.go:31.1,36.1 1 1
permen_api/pkg/binder/binder.go:37.1,42.1 1 1
permen_api/pkg/binder/binder.go:43.1,48.1 1 1
permen_api/pkg/binder/binder.go:49.1,54.1 1 1
permen_api/pkg/binder/binder.go:55.1,60.1 1 1
permen_api/pkg/binder/binder.go:61.1,66.1 1 1
permen_api/pkg/binder/binder.go:67.1,72.1 1 1
permen_api/pkg/binder/binder.go:73.1,78.1 1 0
permen_api/pkg/binder/binder.go:79.1,84.1 1 1
permen_api/pkg/binder/binder.go:85.1,90.1 1 1
permen_api/pkg/binder/binder.go:91.1,96.1 1 1
permen_api/pkg/binder/binder.go:97.1,102.1 1 1
permen_api/pkg/binder/binder.go:103.1,108.1 1 1
permen_api/pkg/binder/binder.go:109.1,114.1 1 1
permen_api/pkg/binder/binder.go:115.1,120.1 1 1
permen_api/pkg/binder/binder.go:121.1,126.1 1 1
permen_api/pkg/binder/binder.go:127.1,132.1 1 1
permen_api/pkg/binder/binder.go:133.1,138.1 1 0
permen_api/pkg/binder/binder.go:139.1,144.1 1 1
permen_api/pkg/binder/binder.go:145.1,150.1 1 1
permen_api/pkg/binder/binder.go:151.1,156.1 1 1
permen_api/pkg/binder/binder.go:157.1,162.1 1 1
permen_api/pkg/binder/binder.go:163.1,168.1 1 1
permen_api/pkg/binder/binder.go:169.1,174.1 1 1
permen_api/pkg/binder/binder.go:175.1,180.1 1 1
permen_api/pkg/binder/binder.go:181.1,186.1 1 1
permen_api/pkg/binder/binder.go:187.1,192.1 1 1
permen_api/pkg/binder/binder.go:193.1,198.1 1 0
permen_api/pkg/binder/binder.go:199.1,204.1 1 1
permen_api/pkg/binder/binder.go:205.1,210.1 1 1
permen_api/pkg/binder/binder.go:211.1,216.1 1 1
permen_api/pkg/binder/binder.go:217.1,222.1 1 1
permen_api/pkg/binder/binder.go:223.1,228.1 1 1
permen_api/pkg/binder/binder.go:229.1,234.1 1 1
permen_api/pkg/binder/binder.go:235.1,240.1 1 1
permen_api/pkg/binder/binder.go:241.1,246.1 1 1
permen_api/pkg/binder/binder.go:247.1,252.1 1 1
permen_api/pkg/binder/binder.go:253.1,258.1 1 0
permen_api/pkg/binder/binder.go:259.1,264.1 1 1
permen_api/pkg/binder/binder.go:265.1,270.1 1 1
permen_api/pkg/binder/binder.go:271.1,276.1 1 1
permen_api/pkg/binder/binder.go:277.1,282.1 1 1
permen_api/pkg/binder/binder.go:283.1,288.1 1 1
permen_api/pkg/binder/binder.go:289.1,294.1 1 1
permen_api/pkg/binder/binder.go:295.1,300.1 1 1
permen_api/pkg/binder/binder.go:301.1,306.1 1 1
permen_api/pkg/binder/binder.go:307.1,312.1 1 1
permen_api/pkg/binder/binder.go:313.1,318.1 1 0
permen_api/pkg/binder/binder.go:319.1,324.1 1 1
permen_api/pkg/binder/binder.go:325.1,330.1 1 1
permen_api/pkg/binder/binder.go:331.1,336.1 1 1
permen_api/pkg/binder/binder.go:337.1,342.1 1 1
permen_api/pkg/binder/binder.go:343.1,348.1 1 1
permen_api/pkg/binder/binder.go:349.1,354.1 1 1
permen_api/pkg/binder/binder.go:355.1,360.1 1 1
permen_api/pkg/binder/binder.go:361.1,361.1 1 1
permen_api/pkg/redis/redis.go:1.1,6.1 1 1
permen_api/pkg/redis/redis.go:7.1,12.1 1 0
permen_api/pkg/redis/redis.go:13.1,18.1 1 1
permen_api/pkg/redis/redis.go:19.1,24.1 1 1
permen_api/pkg/redis/redis.go:25.1,30.1 1 1
permen_api/pkg/redis/redis.go:31.1,36.1 1 1
permen_api/pkg/redis/redis.go:37.1,42.1 1 1
permen_api/pkg/redis/redis.go:43.1,48.1 1 1
permen_api/pkg/redis/redis.go:49.1,50.1 1 1
permen_api/pkg/bcrypt/bcrypt.go:1.1,6.1 1 1
permen_api/pkg/bcrypt/bcrypt.go:7.1,12.1 1 1
permen_api/pkg/bcrypt/bcrypt.go:13.1,18.1 1 0
permen_api/pkg/bcrypt/bcrypt.go:19.1,24.1 1 1
permen_api/pkg/bcrypt/bcrypt.go:25.1,30.1 1 1
permen_api/pkg/bcrypt/bcrypt.go:31.1,36.1 1 1
permen_api/pkg/bcrypt/bcrypt.go:37.1,42.1 1 1
permen_api/pkg/bcrypt/bcrypt.go:43.1,48.1 1 1
permen_api/pkg/bcrypt/bcrypt.go:49.1,54.1 1 1
permen_api/pkg/bcrypt/bcrypt.go:55.1,60.1 1 1
permen_api/pkg/bcrypt/bcrypt.go:61.1,66.1 1 1
permen_api/pkg/bcrypt/bcrypt.go:67.1,72.1 1 1
permen_api/pkg/bcrypt/bcrypt.go:73.1,78.1 1 0
permen_api/pkg/bcrypt/bcrypt.go:79.1,84.1 1 1
permen_api/pkg/bcrypt/bcrypt.go:85.1,90.1 1 1
permen_api/pkg/bcrypt/bcrypt.go:91.1,96.1 1 1
permen_api/pkg/bcrypt/bcrypt.go:97.1,102.1 1 1
permen_api/pkg/bcrypt/bcrypt.go:103.1,108.1 1 1
permen_api/pkg/bcrypt/bcrypt.go:109.1,114.1 1 1
permen_api/pkg/bcrypt/bcrypt.go:115.1,120.1 1 1
permen_api/pkg/bcrypt/bcrypt.go:121.1,126.1 1 1
permen_api/pkg/bcrypt/bcrypt.go:127.1,132.1 1 1
permen_api/pkg/bcrypt/bcrypt.go:133.1,138.1 1 0
permen_api/pkg/bcrypt/bcrypt.go:139.1,144.1 1 1
permen_api/pkg/bcrypt/bcrypt.go:145.1,150.1 1 1
permen_api/pkg/bcrypt/bcrypt.go:151.1,156.1 1 1
permen_api/pkg/bcrypt/bcrypt.go:157.1,162.1 1 1
permen_api/pkg/bcrypt/bcrypt.go:163.1,168.1 1 1
permen_api/pkg/bcrypt/bcrypt.go:169.1,174.1 1 1
permen_api/pkg/bcrypt/bcrypt.go:175.1,180.1 1 1
permen_api/pkg/bcrypt/bcrypt.go:181.1,186.1 1 1
permen_api/pkg/minio/minio.go:1.1,6.1 1 1
permen_api/pkg/minio/minio.go:7.1,12.1 1 0
permen_api/pkg/minio/minio.go:13.1,18.1 1 1
permen_api/pkg/minio/minio.go:19.1,24.1 1 1
permen_api/pkg/minio/minio.go:25.1,30.1 1 1
permen_api/pkg/minio/minio.go:31.1,36.1 1 1
permen_api/pkg/minio/minio.go:37.1,42.1 1 1
permen_api/pkg/minio/minio.go:43.1,48.1 1 1
permen_api/pkg/minio/minio.go:49.1,54.1 1 1
permen_api/pkg/minio/minio.go:55.1,60.1 1 1
permen_api/pkg/minio/minio.go:61.1,66.1 1 1
permen_api/pkg/minio/minio.go:67.1,72.1 1 0
permen_api/pkg/minio/minio.go:73.1,78.1 1 1
permen_api/pkg/minio/minio.go:79.1,84.1 1 1
permen_api/pkg/minio/minio.go:85.1,90.1 1 1
permen_api/pkg/minio/minio.go:91.1,96.1 1 1
permen_api/pkg/minio/minio.go:97.1,102.1 1 1
permen_api/pkg/minio/minio.go:103.1,108.1 1 1
permen_api/pkg/minio/minio.go:109.1,114.1 1 1
permen_api/pkg/minio/minio.go:115.1,120.1 1 1
permen_api/pkg/minio/minio.go:121.1,126.1 1 1
permen_api/pkg/minio/minio.go:127.1,132.1 1 0
permen_api/pkg/minio/minio.go:133.1,138.1 1 1
permen_api/pkg/minio/minio.go:139.1,144.1 1 1
permen_api/pkg/minio/minio.go:145.1,150.1 1 1
permen_api/pkg/minio/minio.go:151.1,156.1 1 1
permen_api/pkg/minio/minio.go:157.1,162.1 1 1
permen_api/pkg/minio/minio.go:163.1,168.1 1 1
permen_api/pkg/minio/minio.go:169.1,174.1 1 1
permen_api/pkg/minio/minio.go:175.1,180.1 1 1
permen_api/pkg/minio/minio.go:181.1,186.1 1 1
permen_api/pkg/minio/minio.go:187.1,192.1 1 0
permen_api/pkg/minio/minio.go:193.1,198.1 1 1
permen_api/pkg/minio/minio.go:199.1,204.1 1 1
permen_api/pkg/minio/minio.go:205.1,210.1 1 1
permen_api/pkg/minio/minio.go:211.1,216.1 1 1
permen_api/pkg/minio/minio.go:217.1,222.1 1 1
permen_api/pkg/minio/minio.go:223.1,228.1 1 1
permen_api/pkg/minio/minio.go:229.1,234.1 1 1
permen_api/pkg/minio/minio.go:235.1,240.1 1 1
permen_api/pkg/minio/minio.go:241.1,246.1 1 1
permen_api/pkg/minio/minio.go:247.1,252.1 1 0
permen_api/pkg/minio/minio.go:253.1,258.1 1 1
permen_api/pkg/minio/minio.go:259.1,264.1 1 1
permen_api/pkg/minio/minio.go:265.1,270.1 1 1
permen_api/pkg/minio/minio.go:271.1,276.1 1 1
permen_api/pkg/minio/minio.go:277.1,282.1 1 1
permen_api/pkg/minio/minio.go:283.1,288.1 1 1
permen_api/pkg/minio/minio.go:289.1,294.1 1 1
permen_api/pkg/minio/minio.go:295.1,300.1 1 1
permen_api/pkg/minio/minio.go:301.1,306.1 1 1
permen_api/pkg/minio/minio.go:307.1,312.1 1 0
permen_api/pkg/minio/minio.go:313.1,318.1 1 1
permen_api/pkg/minio/minio.go:319.1,324.1 1 1
permen_api/pkg/minio/minio.go:325.1,330.1 1 1
permen_api/pkg/minio/minio.go:331.1,336.1 1 1
permen_api/pkg/minio/minio.go:337.1,342.1 1 1
permen_api/pkg/minio/minio.go:343.1,348.1 1 1
permen_api/pkg/minio/minio.go:349.1,354.1 1 1
permen_api/pkg/minio/minio.go:355.1,360.1 1 1
permen_api/pkg/minio/minio.go:361.1,366.1 1 1
permen_api/pkg/janitor/janitor.go:1.1,6.1 1 0
permen_api/pkg/janitor/janitor.go:7.1,12.1 1 1
permen_api/pkg/janitor/janitor.go:13.1,18.1 1 1
permen_api/pkg/janitor/janitor.go:19.1,24.1 1 1
permen_api/pkg/janitor/janitor.go:25.1,30.1 1 1
permen_api/pkg/janitor/janitor.go:31.1,36.1 1 1
permen_api/pkg/janitor/janitor.go:37.1,42.1 1 1
permen_api/pkg/janitor/janitor.go:43.1,48.1 1 1
permen_api/pkg/janitor/janitor.go:49.1,54.1 1 1
permen_api/pkg/janitor/janitor.go:55.1,60.1 1 1
permen_api/pkg/janitor/janitor.go:61.1,66.1 1 0
permen_api/pkg/janitor/janitor.go:67.1,72.1 1 1
permen_api/pkg/janitor/janitor.go:73.1,78.1 1 1
permen_api/pkg/janitor/janitor.go:79.1,84.1 1 1
permen_api/pkg/janitor/janitor.go:85.1,90.1 1 1
permen_api/pkg/janitor/janitor.go:91.1,96.1 1 1
permen_api/pkg/janitor/janitor.go:97.1,102.1 1 1
permen_api/pkg/janitor/janitor.go:103.1,108.1 1 1
permen_api/pkg/janitor/janitor.go:109.1,114.1 1 1
permen_api/pkg/janitor/janitor.go:115.1,120.1 1 1
permen_api/pkg/janitor/janitor.go:121.1,126.1 1 0
permen_api/pkg/janitor/janitor.go:127.1,132.1 1 1
permen_api/pkg/janitor/janitor.go:133.1,138.1 1 1
permen_api/pkg/janitor/janitor.go:139.1,144.1 1 1
permen_api/pkg/janitor/janitor.go:145.1,150.1 1 1
permen_api/pkg/janitor/janitor.go:151.1,156.1 1 1
permen_api/pkg/janitor/janitor.go:157.1,162.1 1 1
permen_api/pkg/janitor/janitor.go:163.1,168.1 1 1
permen_api/pkg/janitor/janitor.go:169.1,174.1 1 1
permen_api/pkg/janitor/janitor.go:175.1,180.1 1 1
permen_api/pkg/janitor/janitor.go:181.1,186.1 1 0
permen_api/pkg/janitor/janitor.go:187.1,192.1 1 1
permen_api/pkg/janitor/janitor.go:193.1,198.1 1 1
permen_api/pkg/janitor/janitor.go:199.1,204.1 1 1
permen_api/pkg/janitor/janitor.go:205.1,210.1 1 1
permen_api/pkg/janitor/janitor.go:211.1,216.1 1 1
permen_api/pkg/janitor/janitor.go:217.1,222.1 1 1
permen_api/pkg/janitor/janitor.go:223.1,227.1 1 1
