mode: set
permen_api/middleware/auth/basic_auth_middleware.go:50.66,52.24 1 0
permen_api/middleware/auth/basic_auth_middleware.go:52.24,54.3 1 0
permen_api/middleware/auth/basic_auth_middleware.go:57.2,58.40 2 0
permen_api/middleware/auth/basic_auth_middleware.go:58.40,60.3 1 0
permen_api/middleware/auth/basic_auth_middleware.go:62.2,62.30 1 0
permen_api/middleware/auth/basic_auth_middleware.go:62.30,66.39 2 0
permen_api/middleware/auth/basic_auth_middleware.go:66.39,69.4 2 0
permen_api/middleware/auth/basic_auth_middleware.go:72.3,72.97 1 0
permen_api/middleware/auth/basic_auth_middleware.go:72.97,78.4 5 0
permen_api/middleware/auth/basic_auth_middleware.go:81.3,82.23 2 0
permen_api/middleware/auth/basic_auth_middleware.go:82.23,85.4 2 0
permen_api/middleware/auth/basic_auth_middleware.go:88.3,88.47 1 0
permen_api/middleware/auth/basic_auth_middleware.go:88.47,91.4 2 0
permen_api/middleware/auth/basic_auth_middleware.go:94.3,96.17 3 0
permen_api/middleware/auth/basic_auth_middleware.go:96.17,99.4 2 0
permen_api/middleware/auth/basic_auth_middleware.go:102.3,104.23 3 0
permen_api/middleware/auth/basic_auth_middleware.go:104.23,107.4 2 0
permen_api/middleware/auth/basic_auth_middleware.go:109.3,113.39 3 0
permen_api/middleware/auth/basic_auth_middleware.go:113.39,116.4 2 0
permen_api/middleware/auth/basic_auth_middleware.go:119.3,119.44 1 0
permen_api/middleware/auth/basic_auth_middleware.go:119.44,122.4 2 0
permen_api/middleware/auth/basic_auth_middleware.go:125.3,132.11 4 0
permen_api/middleware/auth/basic_auth_middleware.go:137.86,138.30 1 0
permen_api/middleware/auth/basic_auth_middleware.go:138.30,144.3 1 0
permen_api/middleware/auth/basic_auth_middleware.go:147.2,149.11 3 0
permen_api/middleware/auth/basic_auth_middleware.go:155.44,157.2 1 0
permen_api/middleware/auth/basic_auth_middleware.go:162.98,163.46 1 0
permen_api/middleware/auth/basic_auth_middleware.go:163.46,168.3 3 0
permen_api/middleware/auth/basic_auth_middleware.go:175.79,176.46 1 0
permen_api/middleware/auth/basic_auth_middleware.go:176.46,178.14 2 0
permen_api/middleware/auth/basic_auth_middleware.go:178.14,183.4 2 0
permen_api/middleware/auth/basic_auth_middleware.go:184.3,184.57 1 0
permen_api/middleware/auth/basic_auth_middleware.go:190.87,196.2 1 0
permen_api/middleware/auth/basic_auth_middleware.go:200.90,206.2 1 0
permen_api/middleware/auth/bearer_auth_middleware.go:16.70,18.16 2 0
permen_api/middleware/auth/bearer_auth_middleware.go:18.16,20.3 1 0
permen_api/middleware/auth/bearer_auth_middleware.go:23.2,24.28 2 0
permen_api/middleware/auth/bearer_auth_middleware.go:24.28,26.3 1 0
permen_api/middleware/auth/bearer_auth_middleware.go:27.2,27.21 1 0
permen_api/middleware/auth/bearer_auth_middleware.go:30.76,33.27 2 0
permen_api/middleware/auth/bearer_auth_middleware.go:33.27,35.3 1 0
permen_api/middleware/auth/bearer_auth_middleware.go:36.2,36.47 1 0
permen_api/middleware/auth/bearer_auth_middleware.go:39.45,40.30 1 0
permen_api/middleware/auth/bearer_auth_middleware.go:40.30,46.17 5 0
permen_api/middleware/auth/bearer_auth_middleware.go:46.17,52.4 5 0
permen_api/middleware/auth/bearer_auth_middleware.go:53.3,57.17 3 0
permen_api/middleware/auth/bearer_auth_middleware.go:57.17,63.4 5 0
permen_api/middleware/auth/bearer_auth_middleware.go:66.3,69.51 2 0
permen_api/middleware/auth/bearer_auth_middleware.go:69.51,71.4 1 0
permen_api/middleware/auth/bearer_auth_middleware.go:72.3,73.11 2 0
permen_api/validation/validator.go:27.13,29.70 2 1
permen_api/validation/validator.go:29.70,31.18 2 1
permen_api/validation/validator.go:31.18,33.4 1 1
permen_api/validation/validator.go:34.3,34.14 1 1
permen_api/validation/validator.go:37.2,43.32 6 1
permen_api/validation/validator.go:43.32,45.4 1 1
permen_api/validation/validator.go:46.58,49.4 2 1
permen_api/validation/validator.go:54.2,54.80 1 1
permen_api/validation/validator.go:54.80,56.10 2 1
permen_api/validation/validator.go:56.10,58.4 1 1
permen_api/validation/validator.go:60.3,66.42 5 1
permen_api/validation/validator.go:66.42,70.18 3 1
permen_api/validation/validator.go:70.18,72.5 1 0
permen_api/validation/validator.go:73.4,73.39 1 1
permen_api/validation/validator.go:74.9,74.49 1 1
permen_api/validation/validator.go:74.49,78.18 3 1
permen_api/validation/validator.go:78.18,80.5 1 0
permen_api/validation/validator.go:81.4,81.32 1 1
permen_api/validation/validator.go:82.9,85.18 2 1
permen_api/validation/validator.go:85.18,87.5 1 0
permen_api/validation/validator.go:90.3,90.30 1 1
permen_api/validation/validator.go:93.2,93.122 1 1
permen_api/validation/validator.go:93.122,95.3 1 1
permen_api/validation/validator.go:98.2,98.82 1 1
permen_api/validation/validator.go:98.82,100.10 2 1
permen_api/validation/validator.go:100.10,102.4 1 0
permen_api/validation/validator.go:104.3,106.29 3 1
permen_api/validation/validator.go:106.29,107.56 1 1
permen_api/validation/validator.go:107.56,109.5 1 1
permen_api/validation/validator.go:112.3,112.15 1 1
permen_api/validation/validator.go:115.2,115.113 1 1
permen_api/validation/validator.go:115.113,117.3 1 0
permen_api/validation/validator.go:121.2,121.82 1 1
permen_api/validation/validator.go:121.82,123.10 2 1
permen_api/validation/validator.go:123.10,125.4 1 1
permen_api/validation/validator.go:126.3,126.18 1 1
permen_api/validation/validator.go:126.18,128.4 1 1
permen_api/validation/validator.go:130.3,131.31 2 1
permen_api/validation/validator.go:134.2,134.132 1 1
permen_api/validation/validator.go:134.132,136.3 1 1
permen_api/validation/validator.go:139.2,139.79 1 1
permen_api/validation/validator.go:139.79,144.34 3 1
permen_api/validation/validator.go:144.34,146.4 1 1
permen_api/validation/validator.go:149.3,150.20 2 1
permen_api/validation/validator.go:153.2,153.124 1 1
permen_api/validation/validator.go:153.124,155.3 1 0
permen_api/validation/validator.go:159.2,159.83 1 1
permen_api/validation/validator.go:159.83,161.20 2 1
permen_api/validation/validator.go:161.20,163.4 1 1
permen_api/validation/validator.go:166.3,167.27 2 1
permen_api/validation/validator.go:167.27,170.116 2 0
permen_api/validation/validator.go:170.116,173.5 2 0
permen_api/validation/validator.go:177.3,179.32 3 1
permen_api/validation/validator.go:179.32,181.4 1 1
permen_api/validation/validator.go:183.3,184.22 2 1
permen_api/validation/validator.go:184.22,186.4 1 1
permen_api/validation/validator.go:189.3,192.33 3 1
permen_api/validation/validator.go:192.33,194.4 1 1
permen_api/validation/validator.go:197.3,197.62 1 1
permen_api/validation/validator.go:200.2,200.127 1 1
permen_api/validation/validator.go:200.127,202.3 1 0
permen_api/validation/validator.go:206.2,206.85 1 1
permen_api/validation/validator.go:206.85,208.22 2 1
permen_api/validation/validator.go:208.22,210.4 1 1
permen_api/validation/validator.go:213.3,214.25 2 1
permen_api/validation/validator.go:214.25,217.117 2 0
permen_api/validation/validator.go:217.117,220.5 2 0
permen_api/validation/validator.go:224.3,226.30 3 1
permen_api/validation/validator.go:226.30,228.4 1 0
permen_api/validation/validator.go:230.3,231.20 2 1
permen_api/validation/validator.go:231.20,233.4 1 1
permen_api/validation/validator.go:236.3,239.33 3 1
permen_api/validation/validator.go:239.33,241.4 1 1
permen_api/validation/validator.go:244.3,244.63 1 1
permen_api/validation/validator.go:247.2,247.131 1 1
permen_api/validation/validator.go:247.131,249.3 1 0
permen_api/validation/validator.go:255.2,255.82 1 1
permen_api/validation/validator.go:255.82,259.28 3 1
permen_api/validation/validator.go:259.28,261.4 1 1
permen_api/validation/validator.go:264.3,266.29 3 1
permen_api/validation/validator.go:266.29,268.4 1 1
permen_api/validation/validator.go:270.3,273.46 2 1
permen_api/validation/validator.go:273.46,275.4 1 1
permen_api/validation/validator.go:278.3,278.93 1 1
permen_api/validation/validator.go:278.93,280.4 1 1
permen_api/validation/validator.go:283.3,284.39 2 1
permen_api/validation/validator.go:284.39,286.4 1 1
permen_api/validation/validator.go:289.3,290.20 2 1
permen_api/validation/validator.go:293.2,293.162 1 1
permen_api/validation/validator.go:293.162,295.3 1 0
permen_api/validation/validator.go:298.2,298.77 1 1
permen_api/validation/validator.go:298.77,300.10 2 1
permen_api/validation/validator.go:300.10,302.4 1 0
permen_api/validation/validator.go:305.3,306.34 2 1
permen_api/validation/validator.go:309.2,309.111 1 1
permen_api/validation/validator.go:309.111,311.3 1 0
permen_api/validation/validator.go:314.2,314.76 1 1
permen_api/validation/validator.go:314.76,316.10 2 1
permen_api/validation/validator.go:316.10,318.4 1 0
permen_api/validation/validator.go:319.3,319.18 1 1
permen_api/validation/validator.go:319.18,321.4 1 1
permen_api/validation/validator.go:324.3,325.32 2 1
permen_api/validation/validator.go:325.32,327.4 1 1
permen_api/validation/validator.go:330.3,331.20 2 1
permen_api/validation/validator.go:334.2,334.154 1 1
permen_api/validation/validator.go:334.154,336.3 1 0
permen_api/validation/validator.go:339.2,339.81 1 1
permen_api/validation/validator.go:339.81,341.10 2 1
permen_api/validation/validator.go:341.10,343.4 1 0
permen_api/validation/validator.go:344.3,344.18 1 1
permen_api/validation/validator.go:344.18,346.4 1 1
permen_api/validation/validator.go:349.3,350.34 2 1
permen_api/validation/validator.go:353.2,353.141 1 1
permen_api/validation/validator.go:353.141,355.3 1 0
permen_api/validation/validator.go:359.89,360.45 1 1
permen_api/validation/validator.go:360.45,362.3 1 1
permen_api/validation/validator.go:363.2,363.68 1 1
permen_api/validation/validator.go:363.68,367.17 4 1
permen_api/validation/validator.go:367.17,369.4 1 0
permen_api/validation/validator.go:370.3,370.11 1 1
permen_api/validation/validator.go:373.2,373.66 1 1
